RUN	computerdatabase.advanced.AdvancedSimulationStep05	qwert	advancedsimulationstep05	1533120477681	 	2.0
USER	Users	1	START	1533120479078	1533120479078
USER	Admins	4	START	1533120479220	1533120479220
REQUEST	Admins	4		Home	1533120479221	1533120479313	OK	 
REQUEST	Users	1		Home	1533120479124	1533120479298	OK	 
REQUEST	Users	1		Home Redirect 1	1533120479321	1533120479368	OK	 
REQUEST	Admins	4		Home Redirect 1	1533120479321	1533120479367	OK	 
USER	Users	2	START	1533120480235	1533120480235
REQUEST	Users	2		Home	1533120480235	1533120480421	OK	 
REQUEST	Users	2		Home Redirect 1	1533120480422	1533120480466	OK	 
REQUEST	Users	1		Search	1533120480410	1533120480744	OK	 
REQUEST	Admins	4		Search	1533120480407	1533120480768	OK	 
USER	Users	3	START	1533120481233	1533120481233
REQUEST	Users	3		Home	1533120481234	1533120481322	OK	 
REQUEST	Users	3		Home Redirect 1	1533120481323	1533120481368	OK	 
REQUEST	Users	2		Search	1533120481486	1533120481533	OK	 
REQUEST	Users	1		Select	1533120481736	1533120481783	OK	 
REQUEST	Admins	4		Select	1533120481756	1533120481800	OK	 
USER	Users	5	START	1533120482095	1533120482095
REQUEST	Users	5		Home	1533120482095	1533120482187	OK	 
REQUEST	Users	5		Home Redirect 1	1533120482188	1533120482235	OK	 
REQUEST	Users	3		Search	1533120482385	1533120482431	OK	 
REQUEST	Users	2		Select	1533120482536	1533120482582	OK	 
REQUEST	Users	1		Page 0	1533120482801	1533120482848	OK	 
REQUEST	Admins	4		Page 0	1533120482804	1533120482848	OK	 
USER	Users	6	START	1533120483095	1533120483095
REQUEST	Users	6		Home	1533120483096	1533120483190	OK	 
REQUEST	Users	6		Home Redirect 1	1533120483191	1533120483238	OK	 
REQUEST	Users	5		Search	1533120483256	1533120483303	OK	 
REQUEST	Users	3		Select	1533120483436	1533120483482	OK	 
REQUEST	Users	2		Page 0	1533120483585	1533120483631	OK	 
REQUEST	Users	1		Page 1	1533120483835	1533120483881	OK	 
REQUEST	Admins	4		Page 1	1533120483845	1533120483889	OK	 
USER	Admins	8	START	1533120484086	1533120484086
USER	Users	7	START	1533120484095	1533120484095
REQUEST	Admins	8		Home	1533120484086	1533120484182	OK	 
REQUEST	Users	7		Home	1533120484095	1533120484221	OK	 
REQUEST	Admins	8		Home Redirect 1	1533120484183	1533120484228	OK	 
REQUEST	Users	7		Home Redirect 1	1533120484222	1533120484269	OK	 
REQUEST	Users	6		Search	1533120484255	1533120484303	OK	 
REQUEST	Users	5		Select	1533120484305	1533120484352	OK	 
REQUEST	Users	3		Page 0	1533120484476	1533120484523	OK	 
REQUEST	Users	2		Page 1	1533120484635	1533120484679	OK	 
REQUEST	Users	1		Page 2	1533120484887	1533120484933	OK	 
REQUEST	Admins	4		Page 2	1533120484896	1533120484940	OK	 
USER	Users	9	START	1533120485084	1533120485084
REQUEST	Users	9		Home	1533120485084	1533120485170	OK	 
REQUEST	Users	9		Home Redirect 1	1533120485171	1533120485225	OK	 
REQUEST	Admins	8		Search	1533120485246	1533120485291	OK	 
REQUEST	Users	7		Search	1533120485286	1533120485331	OK	 
REQUEST	Users	6		Select	1533120485306	1533120485357	OK	 
REQUEST	Users	5		Page 0	1533120485345	1533120485408	OK	 
REQUEST	Users	3		Page 1	1533120485536	1533120485583	OK	 
REQUEST	Users	2		Page 2	1533120485676	1533120485720	OK	 
REQUEST	Admins	4		Page 3	1533120485936	1533120485981	OK	 
REQUEST	Users	1		Page 3	1533120485936	1533120485982	OK	 
USER	Users	10	START	1533120486084	1533120486084
REQUEST	Users	10		Home	1533120486085	1533120486166	OK	 
REQUEST	Users	10		Home Redirect 1	1533120486167	1533120486212	OK	 
REQUEST	Users	9		Search	1533120486247	1533120486291	OK	 
REQUEST	Admins	8		Select	1533120486295	1533120486340	OK	 
REQUEST	Users	7		Select	1533120486335	1533120486380	OK	 
REQUEST	Users	6		Page 0	1533120486355	1533120486403	OK	 
REQUEST	Users	5		Page 1	1533120486414	1533120486460	OK	 
REQUEST	Users	3		Page 2	1533120486586	1533120486631	OK	 
REQUEST	Users	2		Page 3	1533120486716	1533120486761	OK	 
USER	Users	1	END	1533120479078	1533120486992
REQUEST	Admins	4		Form	1533120486987	1533120487033	OK	 
USER	Users	11	START	1533120487094	1533120487094
REQUEST	Users	11		Home	1533120487094	1533120487191	OK	 
REQUEST	Users	11		Home Redirect 1	1533120487192	1533120487237	OK	 
REQUEST	Users	10		Search	1533120487236	1533120487280	OK	 
REQUEST	Users	9		Select	1533120487284	1533120487332	OK	 
REQUEST	Admins	8		Page 0	1533120487334	1533120487378	OK	 
REQUEST	Users	7		Page 0	1533120487375	1533120487420	OK	 
REQUEST	Users	6		Page 1	1533120487416	1533120487464	OK	 
REQUEST	Users	5		Page 2	1533120487455	1533120487502	OK	 
REQUEST	Users	3		Page 3	1533120487615	1533120487662	OK	 
USER	Users	2	END	1533120480235	1533120487765
USER	Users	12	START	1533120488095	1533120488095
REQUEST	Admins	4		Post	1533120488053	1533120488103	OK	 
REQUEST	Admins	4		Post Redirect 1	1533120488113	1533120488157	OK	 
USER	Admins	4	END	1533120479220	1533120488174
REQUEST	Users	12		Home	1533120488096	1533120488181	OK	 
REQUEST	Users	12		Home Redirect 1	1533120488182	1533120488249	OK	 
REQUEST	Users	11		Search	1533120488256	1533120488300	OK	 
REQUEST	Users	10		Select	1533120488276	1533120488319	OK	 
REQUEST	Users	9		Page 0	1533120488334	1533120488390	OK	 
REQUEST	Admins	8		Page 1	1533120488384	1533120488429	OK	 
REQUEST	Users	7		Page 1	1533120488425	1533120488471	OK	 
REQUEST	Users	6		Page 2	1533120488465	1533120488513	OK	 
REQUEST	Users	5		Page 3	1533120488504	1533120488549	OK	 
USER	Users	3	END	1533120481233	1533120488665
REQUEST	Users	12		Search	1533120489266	1533120489311	OK	 
REQUEST	Users	11		Select	1533120489306	1533120489348	OK	 
REQUEST	Users	10		Page 0	1533120489316	1533120489358	OK	 
REQUEST	Users	9		Page 1	1533120489395	1533120489441	OK	 
REQUEST	Admins	8		Page 2	1533120489425	1533120489470	OK	 
REQUEST	Users	7		Page 2	1533120489463	1533120489509	OK	 
USER	Users	5	END	1533120482095	1533120489555
REQUEST	Users	6		Page 3	1533120489504	1533120489577	OK	 
REQUEST	Users	12		Select	1533120490304	1533120490353	OK	 
REQUEST	Users	11		Page 0	1533120490344	1533120490386	OK	 
REQUEST	Users	10		Page 1	1533120490365	1533120490407	OK	 
REQUEST	Users	9		Page 2	1533120490436	1533120490481	OK	 
REQUEST	Admins	8		Page 3	1533120490475	1533120490525	OK	 
REQUEST	Users	7		Page 3	1533120490515	1533120490560	OK	 
USER	Users	6	END	1533120483095	1533120490583
REQUEST	Users	12		Page 0	1533120491366	1533120491413	OK	 
REQUEST	Users	11		Page 1	1533120491386	1533120491430	OK	 
REQUEST	Users	10		Page 2	1533120491405	1533120491447	OK	 
REQUEST	Users	9		Page 3	1533120491486	1533120491531	OK	 
REQUEST	Admins	8		Form	1533120491515	1533120491560	OK	 
USER	Users	7	END	1533120484095	1533120491565
REQUEST	Users	12		Page 1	1533120492404	1533120492449	OK	 
REQUEST	Users	11		Page 2	1533120492436	1533120492479	OK	 
REQUEST	Users	10		Page 3	1533120492446	1533120492488	OK	 
USER	Users	9	END	1533120485084	1533120492523
REQUEST	Admins	8		Post	1533120492564	1533120492610	OK	 
REQUEST	Admins	8		Post Redirect 1	1533120492611	1533120492655	KO	status.find.is(201), but actually found 200
REQUEST	Admins	8		Form	1533120492674	1533120492719	OK	 
USER	Users	10	END	1533120486084	1533120493495
REQUEST	Users	12		Page 2	1533120493454	1533120493499	OK	 
REQUEST	Users	11		Page 3	1533120493476	1533120493518	OK	 
REQUEST	Admins	8		Post	1533120493706	1533120493750	OK	 
REQUEST	Admins	8		Post Redirect 1	1533120493751	1533120493797	KO	status.find.is(201), but actually found 200
USER	Admins	8	END	1533120484086	1533120493801
USER	Users	11	END	1533120487094	1533120494515
REQUEST	Users	12		Page 3	1533120494505	1533120494552	OK	 
USER	Users	12	END	1533120488095	1533120495555
